mode: set
github.com/lugatuic/goberus/config/config.go:19.37,28.51 2 0
github.com/lugatuic/goberus/config/config.go:28.51,30.3 1 0
github.com/lugatuic/goberus/config/config.go:32.2,32.26 1 0
github.com/lugatuic/goberus/config/config.go:32.26,35.21 3 0
github.com/lugatuic/goberus/config/config.go:35.21,37.4 1 0
github.com/lugatuic/goberus/config/config.go:40.2,40.22 1 0
github.com/lugatuic/goberus/config/config.go:40.22,42.3 1 0
github.com/lugatuic/goberus/config/config.go:43.2,43.17 1 0
github.com/lugatuic/goberus/config/config.go:46.35,48.13 2 0
github.com/lugatuic/goberus/config/config.go:48.13,50.3 1 0
github.com/lugatuic/goberus/config/config.go:51.2,51.10 1 0
github.com/lugatuic/goberus/config/config.go:55.56,56.18 1 0
github.com/lugatuic/goberus/config/config.go:56.18,58.3 1 0
github.com/lugatuic/goberus/config/config.go:59.2,60.16 2 0
github.com/lugatuic/goberus/config/config.go:60.16,62.3 1 0
github.com/lugatuic/goberus/config/config.go:63.2,64.49 2 0
github.com/lugatuic/goberus/config/config.go:64.49,66.3 1 0
github.com/lugatuic/goberus/config/config.go:67.2,67.18 1 0
github.com/lugatuic/goberus/main.go:21.13,24.17 2 0
github.com/lugatuic/goberus/main.go:24.17,25.56 1 0
github.com/lugatuic/goberus/main.go:27.2,27.15 1 0
github.com/lugatuic/goberus/main.go:27.15,28.39 1 0
github.com/lugatuic/goberus/main.go:28.39,30.4 1 0
github.com/lugatuic/goberus/main.go:33.2,34.16 2 0
github.com/lugatuic/goberus/main.go:34.16,36.3 1 0
github.com/lugatuic/goberus/main.go:38.2,39.16 2 0
github.com/lugatuic/goberus/main.go:39.16,41.3 1 0
github.com/lugatuic/goberus/main.go:43.2,47.73 2 0
github.com/lugatuic/goberus/main.go:47.73,48.72 1 0
github.com/lugatuic/goberus/main.go:48.72,49.35 1 0
github.com/lugatuic/goberus/main.go:49.35,52.5 2 0
github.com/lugatuic/goberus/main.go:56.2,56.75 1 0
github.com/lugatuic/goberus/main.go:56.75,57.19 1 0
github.com/lugatuic/goberus/main.go:58.23,59.47 1 0
github.com/lugatuic/goberus/main.go:60.24,61.50 1 0
github.com/lugatuic/goberus/main.go:62.11,64.14 2 0
github.com/lugatuic/goberus/main.go:69.2,74.62 5 0
github.com/lugatuic/goberus/main.go:74.62,76.3 1 0
github.com/lugatuic/goberus/middleware/middleware.go:17.54,18.19 1 0
github.com/lugatuic/goberus/middleware/middleware.go:18.19,20.3 1 0
github.com/lugatuic/goberus/middleware/middleware.go:21.2,21.42 1 0
github.com/lugatuic/goberus/middleware/middleware.go:24.55,25.19 1 0
github.com/lugatuic/goberus/middleware/middleware.go:25.19,27.3 1 0
github.com/lugatuic/goberus/middleware/middleware.go:28.2,30.15 3 0
github.com/lugatuic/goberus/middleware/middleware.go:34.65,35.71 1 0
github.com/lugatuic/goberus/middleware/middleware.go:35.71,45.18 6 0
github.com/lugatuic/goberus/middleware/middleware.go:45.18,47.4 1 0
github.com/lugatuic/goberus/middleware/middleware.go:48.3,54.4 1 0
github.com/lugatuic/goberus/middleware/middleware.go:59.66,60.71 1 0
github.com/lugatuic/goberus/middleware/middleware.go:60.71,61.16 1 0
github.com/lugatuic/goberus/middleware/middleware.go:61.16,62.36 1 0
github.com/lugatuic/goberus/middleware/middleware.go:62.36,65.5 2 0
github.com/lugatuic/goberus/middleware/middleware.go:67.3,67.23 1 0
github.com/lugatuic/goberus/server/handlers.go:19.87,21.20 2 0
github.com/lugatuic/goberus/server/handlers.go:21.20,24.3 2 0
github.com/lugatuic/goberus/server/handlers.go:26.2,30.16 4 0
github.com/lugatuic/goberus/server/handlers.go:30.16,32.3 1 0
github.com/lugatuic/goberus/server/handlers.go:34.2,35.56 2 0
github.com/lugatuic/goberus/server/handlers.go:35.56,37.3 1 0
github.com/lugatuic/goberus/server/handlers.go:38.2,38.12 1 0
github.com/lugatuic/goberus/server/handlers.go:42.90,45.59 3 0
github.com/lugatuic/goberus/server/handlers.go:45.59,48.3 2 0
github.com/lugatuic/goberus/server/handlers.go:49.2,49.50 1 0
github.com/lugatuic/goberus/server/handlers.go:49.50,52.3 2 0
github.com/lugatuic/goberus/server/handlers.go:54.2,57.55 3 0
github.com/lugatuic/goberus/server/handlers.go:57.55,59.3 1 0
github.com/lugatuic/goberus/server/handlers.go:61.2,63.90 3 0
github.com/lugatuic/goberus/server/handlers.go:63.90,65.3 1 0
github.com/lugatuic/goberus/server/handlers.go:66.2,66.12 1 0
github.com/lugatuic/goberus/handlers/validate.go:14.44,15.14 1 1
github.com/lugatuic/goberus/handlers/validate.go:15.14,17.3 1 0
github.com/lugatuic/goberus/handlers/validate.go:19.2,30.22 11 1
github.com/lugatuic/goberus/handlers/validate.go:30.22,32.3 1 0
github.com/lugatuic/goberus/handlers/validate.go:34.2,34.40 1 1
github.com/lugatuic/goberus/handlers/validate.go:34.40,36.3 1 1
github.com/lugatuic/goberus/handlers/validate.go:38.2,40.12 3 1
github.com/lugatuic/goberus/ldaps/add_user.go:14.66,19.16 4 0
github.com/lugatuic/goberus/ldaps/add_user.go:19.16,21.3 1 0
github.com/lugatuic/goberus/ldaps/add_user.go:22.2,27.38 4 0
github.com/lugatuic/goberus/ldaps/add_user.go:27.38,28.22 1 0
github.com/lugatuic/goberus/ldaps/add_user.go:28.22,30.4 1 0
github.com/lugatuic/goberus/ldaps/add_user.go:31.3,31.48 1 0
github.com/lugatuic/goberus/ldaps/add_user.go:34.2,34.22 1 0
github.com/lugatuic/goberus/ldaps/add_user.go:34.22,35.63 1 0
github.com/lugatuic/goberus/ldaps/add_user.go:35.63,36.23 1 0
github.com/lugatuic/goberus/ldaps/add_user.go:36.23,38.5 1 0
github.com/lugatuic/goberus/ldaps/add_user.go:39.4,39.14 1 0
github.com/lugatuic/goberus/ldaps/add_user.go:41.3,41.51 1 0
github.com/lugatuic/goberus/ldaps/add_user.go:41.51,42.23 1 0
github.com/lugatuic/goberus/ldaps/add_user.go:42.23,44.5 1 0
github.com/lugatuic/goberus/ldaps/add_user.go:45.4,45.14 1 0
github.com/lugatuic/goberus/ldaps/add_user.go:49.2,49.21 1 0
github.com/lugatuic/goberus/ldaps/add_user.go:49.21,51.3 1 0
github.com/lugatuic/goberus/ldaps/add_user.go:53.2,53.12 1 0
github.com/lugatuic/goberus/ldaps/add_user.go:56.75,62.14 5 0
github.com/lugatuic/goberus/ldaps/add_user.go:62.14,64.3 1 0
github.com/lugatuic/goberus/ldaps/add_user.go:65.2,67.25 2 0
github.com/lugatuic/goberus/ldaps/add_user.go:67.25,69.3 1 0
github.com/lugatuic/goberus/ldaps/add_user.go:70.2,70.23 1 0
github.com/lugatuic/goberus/ldaps/add_user.go:70.23,72.3 1 0
github.com/lugatuic/goberus/ldaps/add_user.go:73.2,75.18 2 0
github.com/lugatuic/goberus/ldaps/add_user.go:75.18,77.3 1 0
github.com/lugatuic/goberus/ldaps/add_user.go:78.2,78.19 1 0
github.com/lugatuic/goberus/ldaps/add_user.go:78.19,80.3 1 0
github.com/lugatuic/goberus/ldaps/add_user.go:81.2,81.25 1 0
github.com/lugatuic/goberus/ldaps/add_user.go:81.25,83.3 1 0
github.com/lugatuic/goberus/ldaps/add_user.go:84.2,84.31 1 0
github.com/lugatuic/goberus/ldaps/add_user.go:84.31,86.3 1 0
github.com/lugatuic/goberus/ldaps/add_user.go:87.2,87.33 1 0
github.com/lugatuic/goberus/ldaps/add_user.go:87.33,89.3 1 0
github.com/lugatuic/goberus/ldaps/add_user.go:91.2,92.22 2 0
github.com/lugatuic/goberus/ldaps/add_user.go:92.22,96.3 3 0
github.com/lugatuic/goberus/ldaps/add_user.go:98.2,98.12 1 0
github.com/lugatuic/goberus/ldaps/add_user.go:101.43,104.26 3 0
github.com/lugatuic/goberus/ldaps/add_user.go:104.26,106.51 2 0
github.com/lugatuic/goberus/ldaps/add_user.go:106.51,107.18 1 0
github.com/lugatuic/goberus/ldaps/add_user.go:107.18,109.5 1 0
github.com/lugatuic/goberus/ldaps/add_user.go:112.2,112.16 1 0
github.com/lugatuic/goberus/ldaps/connection.go:24.73,32.26 3 0
github.com/lugatuic/goberus/ldaps/connection.go:32.26,34.17 2 0
github.com/lugatuic/goberus/ldaps/connection.go:34.17,36.4 1 0
github.com/lugatuic/goberus/ldaps/connection.go:37.3,37.18 1 0
github.com/lugatuic/goberus/ldaps/connection.go:37.18,39.4 1 0
github.com/lugatuic/goberus/ldaps/connection.go:42.2,43.15 2 0
github.com/lugatuic/goberus/ldaps/connection.go:46.71,50.16 4 0
github.com/lugatuic/goberus/ldaps/connection.go:50.16,52.3 1 0
github.com/lugatuic/goberus/ldaps/connection.go:54.2,54.34 1 0
github.com/lugatuic/goberus/ldaps/connection.go:54.34,56.3 1 0
github.com/lugatuic/goberus/ldaps/connection.go:56.8,58.3 1 0
github.com/lugatuic/goberus/ldaps/connection.go:60.2,60.24 1 0
github.com/lugatuic/goberus/ldaps/connection.go:60.24,61.77 1 0
github.com/lugatuic/goberus/ldaps/connection.go:61.77,64.4 2 0
github.com/lugatuic/goberus/ldaps/connection.go:66.2,66.18 1 0
github.com/lugatuic/goberus/ldaps/dn.go:8.41,10.22 2 0
github.com/lugatuic/goberus/ldaps/dn.go:10.22,12.12 2 0
github.com/lugatuic/goberus/ldaps/dn.go:13.53,14.20 1 0
github.com/lugatuic/goberus/ldaps/dn.go:17.3,17.71 1 0
github.com/lugatuic/goberus/ldaps/dn.go:17.71,19.4 1 0
github.com/lugatuic/goberus/ldaps/dn.go:20.3,20.23 1 0
github.com/lugatuic/goberus/ldaps/dn.go:22.2,22.25 1 0
github.com/lugatuic/goberus/ldaps/dn.go:25.50,28.14 3 0
github.com/lugatuic/goberus/ldaps/dn.go:28.14,29.76 1 0
github.com/lugatuic/goberus/ldaps/dn.go:29.76,31.4 1 0
github.com/lugatuic/goberus/ldaps/dn.go:32.3,32.61 1 0
github.com/lugatuic/goberus/ldaps/dn.go:34.2,34.53 1 0
github.com/lugatuic/goberus/ldaps/member_search.go:14.91,19.16 4 0
github.com/lugatuic/goberus/ldaps/member_search.go:19.16,21.3 1 0
github.com/lugatuic/goberus/ldaps/member_search.go:22.2,51.16 7 0
github.com/lugatuic/goberus/ldaps/member_search.go:51.16,52.22 1 0
github.com/lugatuic/goberus/ldaps/member_search.go:52.22,54.4 1 0
github.com/lugatuic/goberus/ldaps/member_search.go:55.3,55.56 1 0
github.com/lugatuic/goberus/ldaps/member_search.go:58.2,58.26 1 0
github.com/lugatuic/goberus/ldaps/member_search.go:58.26,60.3 1 0
github.com/lugatuic/goberus/ldaps/member_search.go:61.2,74.22 4 0
github.com/lugatuic/goberus/ldaps/member_search.go:74.22,76.29 2 0
github.com/lugatuic/goberus/ldaps/member_search.go:76.29,78.4 1 0
github.com/lugatuic/goberus/ldaps/member_search.go:79.3,79.29 1 0
github.com/lugatuic/goberus/ldaps/member_search.go:82.2,82.18 1 0
github.com/lugatuic/goberus/ldaps/unicode_pwd.go:10.76,11.20 1 0
github.com/lugatuic/goberus/ldaps/unicode_pwd.go:11.20,13.3 1 0
github.com/lugatuic/goberus/ldaps/unicode_pwd.go:14.2,17.40 4 0
github.com/lugatuic/goberus/ldaps/unicode_pwd.go:17.40,19.3 1 0
github.com/lugatuic/goberus/ldaps/unicode_pwd.go:20.2,20.12 1 0
github.com/lugatuic/goberus/ldaps/unicode_pwd.go:23.66,26.40 3 0
github.com/lugatuic/goberus/ldaps/unicode_pwd.go:26.40,28.3 1 0
github.com/lugatuic/goberus/ldaps/unicode_pwd.go:29.2,29.12 1 0
github.com/lugatuic/goberus/ldaps/unicode_pwd.go:32.41,36.22 4 0
github.com/lugatuic/goberus/ldaps/unicode_pwd.go:36.22,39.3 2 0
github.com/lugatuic/goberus/ldaps/unicode_pwd.go:40.2,40.10 1 0
